2020/11/23 15:50:53.766 [E] [customer.go:356]  Error 1064: You have an error in your SQL syntax; check the manual that corresponds to your MySQL server version for the right syntax to use near '}and stage={$stage}and (name like '%{$keywords}%' or addr like '%{$keywords}%'))' at line 1
2020/11/23 15:50:58.685 [E] [customer.go:356]  Error 1064: You have an error in your SQL syntax; check the manual that corresponds to your MySQL server version for the right syntax to use near '}and stage={$stage}and (name like '%{$keywords}%' or addr like '%{$keywords}%'))' at line 1
2020/11/23 15:51:38.319 [E] [customer.go:356]  Error 1064: You have an error in your SQL syntax; check the manual that corresponds to your MySQL server version for the right syntax to use near '}and stage={$stage}and (name like '%{$keywords}%' or addr like '%{$keywords}%'))' at line 1
2020/11/23 15:52:26.471 [E] [customer.go:353]  Error 1064: You have an error in your SQL syntax; check the manual that corresponds to your MySQL server version for the right syntax to use near '}and stage={$stage}) ORDER BY id desc LIMIT 10' at line 1
2020/11/23 15:52:33.573 [E] [customer.go:353]  Error 1064: You have an error in your SQL syntax; check the manual that corresponds to your MySQL server version for the right syntax to use near '}and stage={$stage}) ORDER BY id desc LIMIT 10' at line 1
2020/11/23 15:53:42.350 [E] [customer.go:353]  Error 1064: You have an error in your SQL syntax; check the manual that corresponds to your MySQL server version for the right syntax to use near '} and update_time>{$updatetime}and (name like '%{$keywords}%' or addr like '%{$k' at line 1
2020/11/23 15:55:46.021 [E] [customer.go:353]  Error 1064: You have an error in your SQL syntax; check the manual that corresponds to your MySQL server version for the right syntax to use near '} and update_time>{$updatetime}and (name like '%{$keywords}%' or addr like '%{$k' at line 1
2020/11/23 15:55:49.947 [E] [customer.go:353]  Error 1064: You have an error in your SQL syntax; check the manual that corresponds to your MySQL server version for the right syntax to use near '} and update_time>{$updatetime}and (name like '%{$keywords}%' or addr like '%{$k' at line 1
2020/11/23 15:56:07.739 [E] [customer.go:353]  Error 1064: You have an error in your SQL syntax; check the manual that corresponds to your MySQL server version for the right syntax to use near 'tag=2) ORDER BY id desc LIMIT 10' at line 1
2020/11/23 15:56:36.547 [E] [customer.go:353]  Error 1064: You have an error in your SQL syntax; check the manual that corresponds to your MySQL server version for the right syntax to use near 'tag=1) ORDER BY id desc LIMIT 10' at line 1
2020/11/23 15:56:38.883 [E] [customer.go:353]  Error 1064: You have an error in your SQL syntax; check the manual that corresponds to your MySQL server version for the right syntax to use near 'tag=2) ORDER BY id desc LIMIT 10' at line 1
2020/11/23 15:56:40.714 [E] [customer.go:353]  Error 1064: You have an error in your SQL syntax; check the manual that corresponds to your MySQL server version for the right syntax to use near 'stage=1) ORDER BY id desc LIMIT 10' at line 1
2020/11/23 15:57:36.643 [E] [customer.go:353]  Error 1064: You have an error in your SQL syntax; check the manual that corresponds to your MySQL server version for the right syntax to use near 'tag=1) ORDER BY id desc LIMIT 10' at line 1
2020/11/23 16:46:53.674 [E] [customer.go:181]  needs a pointer to a slice or a map
2020/11/23 16:46:56.613 [E] [customer.go:181]  needs a pointer to a slice or a map
2020/11/23 16:46:59.509 [E] [customer.go:181]  needs a pointer to a slice or a map
2020/11/23 17:23:59.214 [E] [customer.go:195]  strconv.Atoi: parsing "": invalid syntax
2020/11/23 17:28:51.515 [E] [customer.go:183]  Error 1064: You have an error in your SQL syntax; check the manual that corresponds to your MySQL server version for the right syntax to use near ') AND `id`=? LIMIT 1' at line 1
2020/11/23 20:19:02.526 [E] [customer.go:301]  Error 1146: Table 'customer.user' doesn't exist
2020/11/23 20:19:06.645 [E] [customer.go:301]  Error 1146: Table 'customer.user' doesn't exist
2020/11/23 20:55:05.985 [E] [customer.go:152]  No content found to be updated
2020/11/23 21:01:57.846 [E] [customer.go:152]  No content found to be updated
2020/11/23 21:02:22.375 [E] [customer.go:152]  No content found to be updated
2020/11/23 21:02:24.758 [E] [customer.go:152]  No content found to be updated
2020/11/23 21:05:36.693 [E] [customer.go:152]  No content found to be updated
2020/11/23 21:05:41.277 [E] [customer.go:152]  No content found to be updated
2020/11/23 21:06:55.004 [E] [customer.go:152]  No content found to be updated
2020/11/23 21:11:05.692 [E] [customer.go:153]  No content found to be updated
