2020/11/18 08:07:51.769 [E] [init.go:113]  dial tcp 127.0.0.1:3306: connectex: No connection could be made because the target machine actively refused it.
2020/11/18 10:14:49.591 [E] [user.go:86]  Error 1146: Table 'customer.user as u' doesn't exist
2020/11/18 10:14:53.006 [E] [user.go:86]  Error 1146: Table 'customer.user as u' doesn't exist
2020/11/18 10:14:53.902 [E] [user.go:86]  Error 1146: Table 'customer.user as u' doesn't exist
2020/11/18 10:17:31.082 [E] [user.go:86]  Error 1146: Table 'customer.user' doesn't exist
2020/11/18 10:17:31.508 [E] [user.go:86]  Error 1146: Table 'customer.user' doesn't exist
2020/11/18 10:17:31.844 [E] [user.go:86]  Error 1146: Table 'customer.user' doesn't exist
2020/11/18 10:17:32.052 [E] [user.go:86]  Error 1146: Table 'customer.user' doesn't exist
2020/11/18 10:17:33.245 [E] [user.go:86]  Error 1146: Table 'customer.user' doesn't exist
2020/11/18 10:17:33.620 [E] [user.go:86]  Error 1146: Table 'customer.user' doesn't exist
2020/11/18 10:17:33.884 [E] [user.go:86]  Error 1146: Table 'customer.user' doesn't exist
2020/11/18 10:17:34.060 [E] [user.go:86]  Error 1146: Table 'customer.user' doesn't exist
2020/11/18 10:17:37.205 [E] [user.go:86]  Error 1146: Table 'customer.user' doesn't exist
2020/11/18 10:17:37.788 [E] [user.go:86]  Error 1146: Table 'customer.user' doesn't exist
2020/11/18 10:17:58.350 [E] [user.go:86]  Error 1146: Table 'customer.user' doesn't exist
2020/11/18 10:18:08.172 [E] [user.go:86]  Error 1054: Unknown column 'r.name as role_name' in 'field list'
2020/11/18 10:20:58.724 [E] [user.go:86]  Error 1054: Unknown column 'r.name as role_name' in 'field list'
2020/11/19 14:46:32.467 [E] [init.go:113]  dial tcp 127.0.0.1:3306: connectex: No connection could be made because the target machine actively refused it.
2020/11/22 08:33:56.761 [E] [init.go:117]  dial tcp 127.0.0.1:3306: connectex: No connection could be made because the target machine actively refused it.
2020/11/22 08:34:50.929 [E] [init.go:117]  dial tcp 127.0.0.1:3306: connectex: No connection could be made because the target machine actively refused it.
2020/11/22 08:35:09.572 [E] [init.go:117]  Error 1045: Access denied for user 'root'@'localhost' (using password: YES)
2020/11/22 08:37:15.809 [E] [init.go:117]  Error 1045: Access denied for user 'root'@'localhost' (using password: YES)
2020/11/22 08:37:56.430 [E] [init.go:117]  Error 1045: Access denied for user 'root'@'localhost' (using password: YES)
2020/11/22 09:19:53.652 [E] [audit.go:74]  Error 1054: Unknown column 'second_first' in 'where clause'
2020/11/22 09:19:53.859 [E] [audit.go:89]  Error 1054: Unknown column 'second_first' in 'where clause'
2020/11/22 09:19:54.291 [E] [audit.go:89]  Error 1054: Unknown column 'second_first' in 'where clause'
2020/11/22 09:19:54.515 [E] [audit.go:74]  Error 1054: Unknown column 'second_first' in 'where clause'
2020/11/22 09:19:54.971 [E] [audit.go:89]  Error 1054: Unknown column 'second_first' in 'where clause'
2020/11/22 09:19:55.371 [E] [audit.go:74]  Error 1054: Unknown column 'second_first' in 'where clause'
2020/11/22 09:19:56.275 [E] [audit.go:74]  Error 1054: Unknown column 'second_first' in 'where clause'
2020/11/22 09:19:56.531 [E] [audit.go:89]  Error 1054: Unknown column 'second_first' in 'where clause'
2020/11/22 09:19:56.787 [E] [audit.go:74]  Error 1054: Unknown column 'second_first' in 'where clause'
2020/11/22 09:19:57.299 [E] [audit.go:74]  Error 1054: Unknown column 'second_first' in 'where clause'
2020/11/22 09:19:57.539 [E] [audit.go:89]  Error 1054: Unknown column 'second_first' in 'where clause'
2020/11/22 09:19:57.771 [E] [audit.go:74]  Error 1054: Unknown column 'second_first' in 'where clause'
2020/11/22 09:25:23.602 [E] [audit.go:74]  Error 1054: Unknown column 'second_first' in 'where clause'
2020/11/22 09:25:25.169 [E] [audit.go:74]  Error 1054: Unknown column 'second_first' in 'where clause'
2020/11/22 09:25:25.721 [E] [audit.go:74]  Error 1054: Unknown column 'second_first' in 'where clause'
2020/11/22 09:25:26.209 [E] [audit.go:74]  Error 1054: Unknown column 'second_first' in 'where clause'
2020/11/22 09:25:29.401 [E] [audit.go:74]  Error 1054: Unknown column 'second_first' in 'where clause'
2020/11/22 10:43:48.543 [E] [audit.go:89]  Error 1054: Unknown column 'second_first' in 'where clause'
2020/11/22 10:43:49.375 [E] [audit.go:89]  Error 1054: Unknown column 'second_first' in 'where clause'
2020/11/22 10:45:24.725 [E] [audit.go:89]  Error 1054: Unknown column 'second_first' in 'where clause'
2020/11/22 10:46:06.694 [E] [audit.go:89]  Error 1054: Unknown column 'second_first' in 'where clause'
2020/11/22 10:46:07.861 [E] [audit.go:89]  Error 1054: Unknown column 'second_first' in 'where clause'
