[xorm] [info]  2020/11/26 15:16:01.276652 PING DATABASE mysql
[xorm] [info]  2020/11/26 15:16:01.278652 [SQL] SELECT `TABLE_NAME`, `ENGINE`, `TABLE_ROWS`, `AUTO_INCREMENT`, `TABLE_COMMENT` from `INFORMATION_SCHEMA`.`TABLES` WHERE `TABLE_SCHEMA`=? AND (`ENGINE`='MyISAM' OR `ENGINE` = 'InnoDB' OR `ENGINE` = 'TokuDB') [customer]
[xorm] [info]  2020/11/26 15:16:01.282652 [SQL] SELECT `COLUMN_NAME`, `IS_NULLABLE`, `COLUMN_DEFAULT`, `COLUMN_TYPE`, `COLUMN_KEY`, `EXTRA`,`COLUMN_COMMENT` FROM `INFORMATION_SCHEMA`.`COLUMNS` WHERE `TABLE_SCHEMA` = ? AND `TABLE_NAME` = ? [customer users]
[xorm] [info]  2020/11/26 15:16:01.288652 [SQL] SELECT `INDEX_NAME`, `NON_UNIQUE`, `COLUMN_NAME` FROM `INFORMATION_SCHEMA`.`STATISTICS` WHERE `TABLE_SCHEMA` = ? AND `TABLE_NAME` = ? [customer users]
[xorm] [info]  2020/11/26 15:16:01.289652 [SQL] SELECT `COLUMN_NAME`, `IS_NULLABLE`, `COLUMN_DEFAULT`, `COLUMN_TYPE`, `COLUMN_KEY`, `EXTRA`,`COLUMN_COMMENT` FROM `INFORMATION_SCHEMA`.`COLUMNS` WHERE `TABLE_SCHEMA` = ? AND `TABLE_NAME` = ? [customer role]
[xorm] [info]  2020/11/26 15:16:01.296653 [SQL] SELECT `INDEX_NAME`, `NON_UNIQUE`, `COLUMN_NAME` FROM `INFORMATION_SCHEMA`.`STATISTICS` WHERE `TABLE_SCHEMA` = ? AND `TABLE_NAME` = ? [customer role]
[xorm] [info]  2020/11/26 15:16:01.296653 [SQL] SELECT `COLUMN_NAME`, `IS_NULLABLE`, `COLUMN_DEFAULT`, `COLUMN_TYPE`, `COLUMN_KEY`, `EXTRA`,`COLUMN_COMMENT` FROM `INFORMATION_SCHEMA`.`COLUMNS` WHERE `TABLE_SCHEMA` = ? AND `TABLE_NAME` = ? [customer customer]
[xorm] [info]  2020/11/26 15:16:01.303653 [SQL] SELECT `INDEX_NAME`, `NON_UNIQUE`, `COLUMN_NAME` FROM `INFORMATION_SCHEMA`.`STATISTICS` WHERE `TABLE_SCHEMA` = ? AND `TABLE_NAME` = ? [customer customer]
[xorm] [warn]  2020/11/26 15:16:01.303653 Table customer Column price db default is 0.00, struct default is 0
[xorm] [warn]  2020/11/26 15:16:01.303653 Table customer Column amount db default is 0.00, struct default is 0
[xorm] [warn]  2020/11/26 15:16:01.303653 Table customer Column create_time db nullable is true, struct nullable is false
[xorm] [info]  2020/11/26 15:16:01.304653 [SQL] SELECT `COLUMN_NAME`, `IS_NULLABLE`, `COLUMN_DEFAULT`, `COLUMN_TYPE`, `COLUMN_KEY`, `EXTRA`,`COLUMN_COMMENT` FROM `INFORMATION_SCHEMA`.`COLUMNS` WHERE `TABLE_SCHEMA` = ? AND `TABLE_NAME` = ? [customer modules]
[xorm] [info]  2020/11/26 15:16:01.310654 [SQL] SELECT `INDEX_NAME`, `NON_UNIQUE`, `COLUMN_NAME` FROM `INFORMATION_SCHEMA`.`STATISTICS` WHERE `TABLE_SCHEMA` = ? AND `TABLE_NAME` = ? [customer modules]
[xorm] [info]  2020/11/26 15:16:01.311654 [SQL] SELECT `COLUMN_NAME`, `IS_NULLABLE`, `COLUMN_DEFAULT`, `COLUMN_TYPE`, `COLUMN_KEY`, `EXTRA`,`COLUMN_COMMENT` FROM `INFORMATION_SCHEMA`.`COLUMNS` WHERE `TABLE_SCHEMA` = ? AND `TABLE_NAME` = ? [customer audit]
[xorm] [info]  2020/11/26 15:16:01.317654 [SQL] SELECT `INDEX_NAME`, `NON_UNIQUE`, `COLUMN_NAME` FROM `INFORMATION_SCHEMA`.`STATISTICS` WHERE `TABLE_SCHEMA` = ? AND `TABLE_NAME` = ? [customer audit]
[xorm] [warn]  2020/11/26 15:16:01.318654 Table audit Column money db default is 0.00, struct default is 0
[xorm] [warn]  2020/11/26 15:16:01.318654 Table audit Column create_time db default is '0', struct default is 0
[xorm] [info]  2020/11/26 15:16:01.318654 [SQL] SELECT `TABLE_NAME`, `ENGINE`, `TABLE_ROWS`, `AUTO_INCREMENT`, `TABLE_COMMENT` from `INFORMATION_SCHEMA`.`TABLES` WHERE `TABLE_SCHEMA`=? AND (`ENGINE`='MyISAM' OR `ENGINE` = 'InnoDB' OR `ENGINE` = 'TokuDB') [customer]
[xorm] [info]  2020/11/26 15:16:01.318654 [SQL] SELECT `COLUMN_NAME`, `IS_NULLABLE`, `COLUMN_DEFAULT`, `COLUMN_TYPE`, `COLUMN_KEY`, `EXTRA`,`COLUMN_COMMENT` FROM `INFORMATION_SCHEMA`.`COLUMNS` WHERE `TABLE_SCHEMA` = ? AND `TABLE_NAME` = ? [customer casbin_rule]
[xorm] [info]  2020/11/26 15:16:01.325654 [SQL] SELECT `INDEX_NAME`, `NON_UNIQUE`, `COLUMN_NAME` FROM `INFORMATION_SCHEMA`.`STATISTICS` WHERE `TABLE_SCHEMA` = ? AND `TABLE_NAME` = ? [customer casbin_rule]
[xorm] [info]  2020/11/26 15:16:01.326654 [SQL] SELECT `p_type`, `v0`, `v1`, `v2`, `v3`, `v4`, `v5` FROM `casbin_rule`
[xorm] [info]  2020/11/26 15:16:01.326654 [SQL] SELECT `p_type`, `v0`, `v1`, `v2`, `v3`, `v4`, `v5` FROM `casbin_rule`
[xorm] [info]  2020/11/26 15:16:01.327654 [SQL] SELECT `id`, `username`, `password`, `name`, `tel`, `role_id`, `status` FROM `users` WHERE `id`=? LIMIT 1 []interface {}{1}
