[xorm] [info]  2020/11/26 11:06:53.502688 PING DATABASE mysql
[xorm] [info]  2020/11/26 11:06:53.505688 [SQL] SELECT `TABLE_NAME`, `ENGINE`, `TABLE_ROWS`, `AUTO_INCREMENT`, `TABLE_COMMENT` from `INFORMATION_SCHEMA`.`TABLES` WHERE `TABLE_SCHEMA`=? AND (`ENGINE`='MyISAM' OR `ENGINE` = 'InnoDB' OR `ENGINE` = 'TokuDB') [customer]
[xorm] [info]  2020/11/26 11:06:53.523689 [SQL] SELECT `COLUMN_NAME`, `IS_NULLABLE`, `COLUMN_DEFAULT`, `COLUMN_TYPE`, `COLUMN_KEY`, `EXTRA`,`COLUMN_COMMENT` FROM `INFORMATION_SCHEMA`.`COLUMNS` WHERE `TABLE_SCHEMA` = ? AND `TABLE_NAME` = ? [customer users]
[xorm] [info]  2020/11/26 11:06:53.530689 [SQL] SELECT `INDEX_NAME`, `NON_UNIQUE`, `COLUMN_NAME` FROM `INFORMATION_SCHEMA`.`STATISTICS` WHERE `TABLE_SCHEMA` = ? AND `TABLE_NAME` = ? [customer users]
[xorm] [info]  2020/11/26 11:06:53.530689 [SQL] SELECT `COLUMN_NAME`, `IS_NULLABLE`, `COLUMN_DEFAULT`, `COLUMN_TYPE`, `COLUMN_KEY`, `EXTRA`,`COLUMN_COMMENT` FROM `INFORMATION_SCHEMA`.`COLUMNS` WHERE `TABLE_SCHEMA` = ? AND `TABLE_NAME` = ? [customer role]
[xorm] [info]  2020/11/26 11:06:53.536690 [SQL] SELECT `INDEX_NAME`, `NON_UNIQUE`, `COLUMN_NAME` FROM `INFORMATION_SCHEMA`.`STATISTICS` WHERE `TABLE_SCHEMA` = ? AND `TABLE_NAME` = ? [customer role]
[xorm] [info]  2020/11/26 11:06:53.537690 [SQL] SELECT `COLUMN_NAME`, `IS_NULLABLE`, `COLUMN_DEFAULT`, `COLUMN_TYPE`, `COLUMN_KEY`, `EXTRA`,`COLUMN_COMMENT` FROM `INFORMATION_SCHEMA`.`COLUMNS` WHERE `TABLE_SCHEMA` = ? AND `TABLE_NAME` = ? [customer customer]
[xorm] [info]  2020/11/26 11:06:53.543690 [SQL] SELECT `INDEX_NAME`, `NON_UNIQUE`, `COLUMN_NAME` FROM `INFORMATION_SCHEMA`.`STATISTICS` WHERE `TABLE_SCHEMA` = ? AND `TABLE_NAME` = ? [customer customer]
[xorm] [warn]  2020/11/26 11:06:53.544690 Table customer Column price db default is 0.00, struct default is 0
[xorm] [warn]  2020/11/26 11:06:53.544690 Table customer Column amount db default is 0.00, struct default is 0
[xorm] [warn]  2020/11/26 11:06:53.544690 Table customer Column create_time db nullable is true, struct nullable is false
[xorm] [info]  2020/11/26 11:06:53.544690 [SQL] SELECT `COLUMN_NAME`, `IS_NULLABLE`, `COLUMN_DEFAULT`, `COLUMN_TYPE`, `COLUMN_KEY`, `EXTRA`,`COLUMN_COMMENT` FROM `INFORMATION_SCHEMA`.`COLUMNS` WHERE `TABLE_SCHEMA` = ? AND `TABLE_NAME` = ? [customer modules]
[xorm] [info]  2020/11/26 11:06:53.550691 [SQL] SELECT `INDEX_NAME`, `NON_UNIQUE`, `COLUMN_NAME` FROM `INFORMATION_SCHEMA`.`STATISTICS` WHERE `TABLE_SCHEMA` = ? AND `TABLE_NAME` = ? [customer modules]
[xorm] [info]  2020/11/26 11:06:53.550691 [SQL] SELECT `COLUMN_NAME`, `IS_NULLABLE`, `COLUMN_DEFAULT`, `COLUMN_TYPE`, `COLUMN_KEY`, `EXTRA`,`COLUMN_COMMENT` FROM `INFORMATION_SCHEMA`.`COLUMNS` WHERE `TABLE_SCHEMA` = ? AND `TABLE_NAME` = ? [customer audit]
[xorm] [info]  2020/11/26 11:06:53.557691 [SQL] SELECT `INDEX_NAME`, `NON_UNIQUE`, `COLUMN_NAME` FROM `INFORMATION_SCHEMA`.`STATISTICS` WHERE `TABLE_SCHEMA` = ? AND `TABLE_NAME` = ? [customer audit]
[xorm] [warn]  2020/11/26 11:06:53.558691 Table audit Column money db default is 0.00, struct default is 0
[xorm] [warn]  2020/11/26 11:06:53.558691 Table audit Column create_time db default is '0', struct default is 0
[xorm] [info]  2020/11/26 11:06:53.558691 [SQL] SELECT `TABLE_NAME`, `ENGINE`, `TABLE_ROWS`, `AUTO_INCREMENT`, `TABLE_COMMENT` from `INFORMATION_SCHEMA`.`TABLES` WHERE `TABLE_SCHEMA`=? AND (`ENGINE`='MyISAM' OR `ENGINE` = 'InnoDB' OR `ENGINE` = 'TokuDB') [customer]
[xorm] [info]  2020/11/26 11:06:53.559691 [SQL] SELECT `COLUMN_NAME`, `IS_NULLABLE`, `COLUMN_DEFAULT`, `COLUMN_TYPE`, `COLUMN_KEY`, `EXTRA`,`COLUMN_COMMENT` FROM `INFORMATION_SCHEMA`.`COLUMNS` WHERE `TABLE_SCHEMA` = ? AND `TABLE_NAME` = ? [customer casbin_rule]
[xorm] [info]  2020/11/26 11:06:53.565691 [SQL] SELECT `INDEX_NAME`, `NON_UNIQUE`, `COLUMN_NAME` FROM `INFORMATION_SCHEMA`.`STATISTICS` WHERE `TABLE_SCHEMA` = ? AND `TABLE_NAME` = ? [customer casbin_rule]
[xorm] [info]  2020/11/26 11:06:53.566691 [SQL] SELECT `p_type`, `v0`, `v1`, `v2`, `v3`, `v4`, `v5` FROM `casbin_rule`
[xorm] [info]  2020/11/26 11:06:53.578692 [SQL] SELECT `p_type`, `v0`, `v1`, `v2`, `v3`, `v4`, `v5` FROM `casbin_rule`
[xorm] [info]  2020/11/26 11:06:53.578692 [SQL] SELECT `id`, `username`, `password`, `name`, `tel`, `role_id`, `status` FROM `users` WHERE `id`=? LIMIT 1 []interface {}{1}
[xorm] [info]  2020/11/26 11:07:01.830164 [SQL] SELECT `name` FROM `users` WHERE `id`=? LIMIT 1 []interface {}{1}
[xorm] [info]  2020/11/26 11:07:01.850165 [SQL] SELECT `id`, `username`, `password`, `name`, `tel`, `role_id`, `status` FROM `users` WHERE `id`=? LIMIT 1 []interface {}{1}
[xorm] [info]  2020/11/26 11:07:01.851165 [SQL] SELECT `id`, `modules` FROM `role` WHERE `id`=? LIMIT 1 []interface {}{0}
[xorm] [info]  2020/11/26 11:07:01.851165 [SQL] SELECT `v1` FROM `casbin_rule`
[xorm] [info]  2020/11/26 11:07:03.460257 [SQL] SELECT `id`, `name` FROM `role`
[xorm] [info]  2020/11/26 11:07:03.995288 [SQL] SELECT `id`, `name`, `desc` FROM `role`
[xorm] [info]  2020/11/26 11:07:04.611323 [SQL] SELECT `id`, `name`, `desc` FROM `role`
[xorm] [info]  2020/11/26 11:07:04.851337 [SQL] SELECT `id`, `name` FROM `role`
[xorm] [info]  2020/11/26 11:07:05.089351 [SQL] SELECT u.id,u.name, u.tel, u.username, r.name as role_name FROM `users` AS `u` left JOIN role as r ON u.role_id=r.id WHERE `status` IN (?,?) []interface {}{1, 2}
[xorm] [info]  2020/11/26 11:08:05.433802 [SQL] SELECT u.id,u.name, u.tel, u.username, r.name as role_name FROM `users` AS `u` left JOIN role as r ON u.role_id=r.id WHERE `status` IN (?,?) []interface {}{1, 2}
